<?xml version="1.0" encoding="UTF-8"?>
<coverage generated="1516270149067" clover="3.2.0">
  <project timestamp="1516270149067" name="All files">
    <metrics statements="35" coveredstatements="19" conditionals="14" coveredconditionals="6" methods="15" coveredmethods="9" elements="64" coveredelements="34" complexity="0" loc="35" ncloc="35" packages="2" files="5" classes="5">
      <package name="components">
        <metrics statements="21" coveredstatements="12" conditionals="8" coveredconditionals="4" methods="9" coveredmethods="6"/>
        <file name="App.js" path="/home/nicfue/Documents/testing/jest-test/src/components/App.js">
          <metrics statements="5" coveredstatements="5" conditionals="2" coveredconditionals="2" methods="4" coveredmethods="4"/>
          <line num="19" count="1" type="stmt"/>
          <line num="20" count="1" type="stmt"/>
          <line num="25" count="1" type="stmt"/>
          <line num="26" count="1" type="stmt"/>
          <line num="30" count="6" type="stmt"/>
        </file>
        <file name="Login.js" path="/home/nicfue/Documents/testing/jest-test/src/components/Login.js">
          <metrics statements="8" coveredstatements="1" conditionals="2" coveredconditionals="0" methods="4" coveredmethods="1"/>
          <line num="21" count="0" type="stmt"/>
          <line num="22" count="0" type="stmt"/>
          <line num="23" count="0" type="cond" truecount="0" falsecount="2"/>
          <line num="24" count="0" type="stmt"/>
          <line num="31" count="0" type="stmt"/>
          <line num="35" count="0" type="stmt"/>
          <line num="43" count="0" type="stmt"/>
          <line num="46" count="6" type="stmt"/>
        </file>
        <file name="Message.js" path="/home/nicfue/Documents/testing/jest-test/src/components/Message.js">
          <metrics statements="8" coveredstatements="6" conditionals="4" coveredconditionals="2" methods="1" coveredmethods="1"/>
          <line num="4" count="2" type="stmt"/>
          <line num="11" count="2" type="stmt"/>
          <line num="12" count="6" type="cond" truecount="1" falsecount="1"/>
          <line num="13" count="0" type="stmt"/>
          <line num="19" count="6" type="cond" truecount="1" falsecount="1"/>
          <line num="20" count="0" type="stmt"/>
          <line num="26" count="6" type="stmt"/>
          <line num="33" count="2" type="stmt"/>
        </file>
      </package>
      <package name="utils">
        <metrics statements="14" coveredstatements="7" conditionals="6" coveredconditionals="2" methods="6" coveredmethods="3"/>
        <file name="localStorage.js" path="/home/nicfue/Documents/testing/jest-test/src/utils/localStorage.js">
          <metrics statements="4" coveredstatements="4" conditionals="2" coveredconditionals="2" methods="3" coveredmethods="3"/>
          <line num="2" count="1" type="stmt"/>
          <line num="6" count="2" type="stmt"/>
          <line num="7" count="2" type="cond" truecount="2" falsecount="0"/>
          <line num="11" count="1" type="stmt"/>
        </file>
        <file name="validation.js" path="/home/nicfue/Documents/testing/jest-test/src/utils/validation.js">
          <metrics statements="10" coveredstatements="3" conditionals="4" coveredconditionals="0" methods="3" coveredmethods="0"/>
          <line num="3" count="3" type="stmt"/>
          <line num="4" count="0" type="stmt"/>
          <line num="5" count="0" type="stmt"/>
          <line num="8" count="3" type="stmt"/>
          <line num="9" count="0" type="stmt"/>
          <line num="10" count="0" type="stmt"/>
          <line num="13" count="3" type="stmt"/>
          <line num="14" count="0" type="cond" truecount="0" falsecount="4"/>
          <line num="15" count="0" type="stmt"/>
          <line num="17" count="0" type="stmt"/>
        </file>
      </package>
    </metrics>
  </project>
</coverage>
