{"/home/nicfue/Documents/testing/jest-test/src/components/App.js": {"path":"/home/nicfue/Documents/testing/jest-test/src/components/App.js","statementMap":{"0":{"start":{"line":19,"column":4},"end":{"line":21,"column":7}},"1":{"start":{"line":20,"column":6},"end":{"line":20,"column":36}},"2":{"start":{"line":25,"column":4},"end":{"line":25,"column":33}},"3":{"start":{"line":26,"column":4},"end":{"line":26,"column":32}},"4":{"start":{"line":30,"column":4},"end":{"line":42,"column":6}}},"fnMap":{"0":{"name":"(anonymous_0)","decl":{"start":{"line":18,"column":20},"end":{"line":18,"column":21}},"loc":{"start":{"line":18,"column":29},"end":{"line":22,"column":3}},"line":18},"1":{"name":"(anonymous_1)","decl":{"start":{"line":19,"column":35},"end":{"line":19,"column":36}},"loc":{"start":{"line":19,"column":41},"end":{"line":21,"column":5}},"line":19},"2":{"name":"(anonymous_2)","decl":{"start":{"line":24,"column":11},"end":{"line":24,"column":12}},"loc":{"start":{"line":24,"column":17},"end":{"line":27,"column":3}},"line":24},"3":{"name":"(anonymous_3)","decl":{"start":{"line":29,"column":2},"end":{"line":29,"column":3}},"loc":{"start":{"line":29,"column":11},"end":{"line":43,"column":3}},"line":29}},"branchMap":{"0":{"loc":{"start":{"line":32,"column":9},"end":{"line":39,"column":9}},"type":"binary-expr","locations":[{"start":{"line":32,"column":9},"end":{"line":32,"column":24}},{"start":{"line":33,"column":10},"end":{"line":38,"column":19}}],"line":32}},"s":{"0":1,"1":1,"2":1,"3":1,"4":6},"f":{"0":1,"1":1,"2":1,"3":6},"b":{"0":[6,3]},"_coverageSchema":"332fd63041d2c1bcb487cc26dd0d5f7d97098a6c","hash":"46793f39d5b16cc22d97cf20336576e6f6b1e4cd"}
,"/home/nicfue/Documents/testing/jest-test/src/components/Login.js": {"path":"/home/nicfue/Documents/testing/jest-test/src/components/Login.js","statementMap":{"0":{"start":{"line":21,"column":4},"end":{"line":21,"column":23}},"1":{"start":{"line":22,"column":32},"end":{"line":22,"column":42}},"2":{"start":{"line":23,"column":4},"end":{"line":40,"column":5}},"3":{"start":{"line":24,"column":6},"end":{"line":33,"column":8}},"4":{"start":{"line":31,"column":10},"end":{"line":31,"column":44}},"5":{"start":{"line":35,"column":6},"end":{"line":39,"column":9}},"6":{"start":{"line":43,"column":33},"end":{"line":43,"column":79}},"7":{"start":{"line":46,"column":4},"end":{"line":83,"column":6}}},"fnMap":{"0":{"name":"(anonymous_0)","decl":{"start":{"line":20,"column":13},"end":{"line":20,"column":14}},"loc":{"start":{"line":20,"column":18},"end":{"line":41,"column":3}},"line":20},"1":{"name":"(anonymous_1)","decl":{"start":{"line":30,"column":8},"end":{"line":30,"column":9}},"loc":{"start":{"line":30,"column":14},"end":{"line":32,"column":9}},"line":30},"2":{"name":"(anonymous_2)","decl":{"start":{"line":43,"column":17},"end":{"line":43,"column":18}},"loc":{"start":{"line":43,"column":33},"end":{"line":43,"column":79}},"line":43},"3":{"name":"(anonymous_3)","decl":{"start":{"line":45,"column":2},"end":{"line":45,"column":3}},"loc":{"start":{"line":45,"column":11},"end":{"line":84,"column":3}},"line":45}},"branchMap":{"0":{"loc":{"start":{"line":23,"column":4},"end":{"line":40,"column":5}},"type":"if","locations":[{"start":{"line":23,"column":4},"end":{"line":40,"column":5}},{"start":{"line":23,"column":4},"end":{"line":40,"column":5}}],"line":23}},"s":{"0":0,"1":0,"2":0,"3":0,"4":0,"5":0,"6":0,"7":6},"f":{"0":0,"1":0,"2":0,"3":6},"b":{"0":[0,0]},"_coverageSchema":"332fd63041d2c1bcb487cc26dd0d5f7d97098a6c","hash":"5085a30e1ab7ef452b2dad67f3e2a69c42defea8"}
,"/home/nicfue/Documents/testing/jest-test/src/components/Message.js": {"path":"/home/nicfue/Documents/testing/jest-test/src/components/Message.js","statementMap":{"0":{"start":{"line":4,"column":18},"end":{"line":9,"column":1}},"1":{"start":{"line":11,"column":16},"end":{"line":31,"column":1}},"2":{"start":{"line":12,"column":2},"end":{"line":18,"column":3}},"3":{"start":{"line":13,"column":4},"end":{"line":17,"column":6}},"4":{"start":{"line":19,"column":2},"end":{"line":25,"column":3}},"5":{"start":{"line":20,"column":4},"end":{"line":24,"column":6}},"6":{"start":{"line":26,"column":2},"end":{"line":30,"column":4}},"7":{"start":{"line":33,"column":0},"end":{"line":33,"column":30}}},"fnMap":{"0":{"name":"(anonymous_0)","decl":{"start":{"line":11,"column":16},"end":{"line":11,"column":17}},"loc":{"start":{"line":11,"column":33},"end":{"line":31,"column":1}},"line":11}},"branchMap":{"0":{"loc":{"start":{"line":12,"column":2},"end":{"line":18,"column":3}},"type":"if","locations":[{"start":{"line":12,"column":2},"end":{"line":18,"column":3}},{"start":{"line":12,"column":2},"end":{"line":18,"column":3}}],"line":12},"1":{"loc":{"start":{"line":19,"column":2},"end":{"line":25,"column":3}},"type":"if","locations":[{"start":{"line":19,"column":2},"end":{"line":25,"column":3}},{"start":{"line":19,"column":2},"end":{"line":25,"column":3}}],"line":19}},"s":{"0":2,"1":2,"2":6,"3":0,"4":6,"5":0,"6":6,"7":2},"f":{"0":6},"b":{"0":[0,6],"1":[0,6]},"_coverageSchema":"332fd63041d2c1bcb487cc26dd0d5f7d97098a6c","hash":"7bba14474f67da3ff9c572c53e44add6c0bfeb02"}
,"/home/nicfue/Documents/testing/jest-test/src/utils/localStorage.js": {"path":"/home/nicfue/Documents/testing/jest-test/src/utils/localStorage.js","statementMap":{"0":{"start":{"line":2,"column":2},"end":{"line":2,"column":38}},"1":{"start":{"line":6,"column":15},"end":{"line":6,"column":43}},"2":{"start":{"line":7,"column":2},"end":{"line":7,"column":20}},"3":{"start":{"line":11,"column":2},"end":{"line":11,"column":34}}},"fnMap":{"0":{"name":"saveUserToLocalStorage","decl":{"start":{"line":1,"column":16},"end":{"line":1,"column":38}},"loc":{"start":{"line":1,"column":45},"end":{"line":3,"column":1}},"line":1},"1":{"name":"getUserFromLocalStorage","decl":{"start":{"line":5,"column":16},"end":{"line":5,"column":39}},"loc":{"start":{"line":5,"column":41},"end":{"line":8,"column":1}},"line":5},"2":{"name":"removeUserFromLocalStorage","decl":{"start":{"line":10,"column":16},"end":{"line":10,"column":42}},"loc":{"start":{"line":10,"column":44},"end":{"line":12,"column":1}},"line":10}},"branchMap":{"0":{"loc":{"start":{"line":7,"column":9},"end":{"line":7,"column":19}},"type":"binary-expr","locations":[{"start":{"line":7,"column":9},"end":{"line":7,"column":13}},{"start":{"line":7,"column":17},"end":{"line":7,"column":19}}],"line":7}},"s":{"0":1,"1":2,"2":2,"3":1},"f":{"0":1,"1":2,"2":1},"b":{"0":[2,1]},"_coverageSchema":"332fd63041d2c1bcb487cc26dd0d5f7d97098a6c","hash":"f5b2feb0647a2013007e6d19b57bc922d7c8fc20"}
,"/home/nicfue/Documents/testing/jest-test/src/utils/validation.js": {"path":"/home/nicfue/Documents/testing/jest-test/src/utils/validation.js","statementMap":{"0":{"start":{"line":3,"column":29},"end":{"line":6,"column":1}},"1":{"start":{"line":4,"column":21},"end":{"line":4,"column":141}},"2":{"start":{"line":5,"column":2},"end":{"line":5,"column":37}},"3":{"start":{"line":8,"column":32},"end":{"line":11,"column":1}},"4":{"start":{"line":9,"column":24},"end":{"line":9,"column":73}},"5":{"start":{"line":10,"column":2},"end":{"line":10,"column":43}},"6":{"start":{"line":13,"column":29},"end":{"line":18,"column":1}},"7":{"start":{"line":14,"column":2},"end":{"line":16,"column":3}},"8":{"start":{"line":15,"column":4},"end":{"line":15,"column":16}},"9":{"start":{"line":17,"column":2},"end":{"line":17,"column":15}}},"fnMap":{"0":{"name":"(anonymous_0)","decl":{"start":{"line":3,"column":29},"end":{"line":3,"column":30}},"loc":{"start":{"line":3,"column":43},"end":{"line":6,"column":1}},"line":3},"1":{"name":"(anonymous_1)","decl":{"start":{"line":8,"column":32},"end":{"line":8,"column":33}},"loc":{"start":{"line":8,"column":49},"end":{"line":11,"column":1}},"line":8},"2":{"name":"(anonymous_2)","decl":{"start":{"line":13,"column":29},"end":{"line":13,"column":30}},"loc":{"start":{"line":13,"column":50},"end":{"line":18,"column":1}},"line":13}},"branchMap":{"0":{"loc":{"start":{"line":14,"column":2},"end":{"line":16,"column":3}},"type":"if","locations":[{"start":{"line":14,"column":2},"end":{"line":16,"column":3}},{"start":{"line":14,"column":2},"end":{"line":16,"column":3}}],"line":14},"1":{"loc":{"start":{"line":14,"column":5},"end":{"line":14,"column":55}},"type":"binary-expr","locations":[{"start":{"line":14,"column":5},"end":{"line":14,"column":25}},{"start":{"line":14,"column":29},"end":{"line":14,"column":55}}],"line":14}},"s":{"0":3,"1":0,"2":0,"3":3,"4":0,"5":0,"6":3,"7":0,"8":0,"9":0},"f":{"0":0,"1":0,"2":0},"b":{"0":[0,0],"1":[0,0]},"_coverageSchema":"332fd63041d2c1bcb487cc26dd0d5f7d97098a6c","hash":"8b3aed6d50172a6d9db03ee2f1ee846a718cea8f"}
}
