TN:
SF:/home/nicfue/Documents/testing/jest-test/src/components/App.js
FN:18,(anonymous_0)
FN:19,(anonymous_1)
FN:24,(anonymous_2)
FN:29,(anonymous_3)
FNF:4
FNH:4
FNDA:1,(anonymous_0)
FNDA:1,(anonymous_1)
FNDA:1,(anonymous_2)
FNDA:6,(anonymous_3)
DA:19,1
DA:20,1
DA:25,1
DA:26,1
DA:30,6
LF:5
LH:5
BRDA:32,0,0,6
BRDA:32,0,1,3
BRF:2
BRH:2
end_of_record
TN:
SF:/home/nicfue/Documents/testing/jest-test/src/components/Login.js
FN:20,(anonymous_0)
FN:30,(anonymous_1)
FN:43,(anonymous_2)
FN:45,(anonymous_3)
FNF:4
FNH:1
FNDA:0,(anonymous_0)
FNDA:0,(anonymous_1)
FNDA:0,(anonymous_2)
FNDA:6,(anonymous_3)
DA:21,0
DA:22,0
DA:23,0
DA:24,0
DA:31,0
DA:35,0
DA:43,0
DA:46,6
LF:8
LH:1
BRDA:23,0,0,0
BRDA:23,0,1,0
BRF:2
BRH:0
end_of_record
TN:
SF:/home/nicfue/Documents/testing/jest-test/src/components/Message.js
FN:11,(anonymous_0)
FNF:1
FNH:1
FNDA:6,(anonymous_0)
DA:4,2
DA:11,2
DA:12,6
DA:13,0
DA:19,6
DA:20,0
DA:26,6
DA:33,2
LF:8
LH:6
BRDA:12,0,0,0
BRDA:12,0,1,6
BRDA:19,1,0,0
BRDA:19,1,1,6
BRF:4
BRH:2
end_of_record
TN:
SF:/home/nicfue/Documents/testing/jest-test/src/utils/localStorage.js
FN:1,saveUserToLocalStorage
FN:5,getUserFromLocalStorage
FN:10,removeUserFromLocalStorage
FNF:3
FNH:3
FNDA:1,saveUserToLocalStorage
FNDA:2,getUserFromLocalStorage
FNDA:1,removeUserFromLocalStorage
DA:2,1
DA:6,2
DA:7,2
DA:11,1
LF:4
LH:4
BRDA:7,0,0,2
BRDA:7,0,1,1
BRF:2
BRH:2
end_of_record
TN:
SF:/home/nicfue/Documents/testing/jest-test/src/utils/validation.js
FN:3,(anonymous_0)
FN:8,(anonymous_1)
FN:13,(anonymous_2)
FNF:3
FNH:0
FNDA:0,(anonymous_0)
FNDA:0,(anonymous_1)
FNDA:0,(anonymous_2)
DA:3,3
DA:4,0
DA:5,0
DA:8,3
DA:9,0
DA:10,0
DA:13,3
DA:14,0
DA:15,0
DA:17,0
LF:10
LH:3
BRDA:14,0,0,0
BRDA:14,0,1,0
BRDA:14,1,0,0
BRDA:14,1,1,0
BRF:4
BRH:0
end_of_record
